<?xml version='1.0'?>
<ns2:test-suite xmlns:ns2='urn:model.allure.qatools.yandex.ru' start='1623399007072' stop='1623399011182'>
    <name>App Feature: As a user,</name>
    <title>App Feature: As a user,</title>
    <test-cases>
        <test-case start='1623399007075' status='passed' stop='1623399007082'>
            <name></name>
            <title></title>
            <labels>
                <label name='language' value='javascript'/>
                <label name='framework' value='wdio'/>
                <label name='thread' value='0-0'/>
            </labels>
            <parameters>
                <parameter kind='argument' name='browser' value='chrome-91.0.4472.77'/>
            </parameters>
            <steps/>
            <attachments/>
        </test-case>
        <test-case start='1623399007083' status='passed' stop='1623399011127'>
            <name>Given I am on the app page</name>
            <title>Given I am on the app page</title>
            <labels>
                <label name='language' value='javascript'/>
                <label name='framework' value='wdio'/>
                <label name='thread' value='0-0'/>
            </labels>
            <parameters>
                <parameter kind='argument' name='browser' value='chrome-91.0.4472.77'/>
            </parameters>
            <steps>
                <step start='1623399007098' status='passed' stop='1623399011083'>
                    <name>POST /session/:sessionId/url</name>
                    <title>POST /session/:sessionId/url</title>
                    <attachments>
                        <attachment title='Request' source='5de8f37a-1f1c-4742-af5b-cef3d92cd111-attachment.json' type='application/json' size='53'/>
                    </attachments>
                    <steps/>
                </step>
                <step start='1623399011094' status='passed' stop='1623399011117'>
                    <name>GET /session/:sessionId/title</name>
                    <title>GET /session/:sessionId/title</title>
                    <attachments>
                        <attachment title='Response' source='5e577211-5ce9-4ceb-9733-0e09b995877a-attachment.json' type='application/json' size='19'/>
                    </attachments>
                    <steps/>
                </step>
            </steps>
            <attachments/>
        </test-case>
        <test-case start='1623399011128' status='broken' stop='1623399011137'>
            <name>And I enter a user into warrior name</name>
            <title>And I enter a user into warrior name</title>
            <labels>
                <label name='language' value='javascript'/>
                <label name='framework' value='wdio'/>
                <label name='thread' value='0-0'/>
            </labels>
            <parameters>
                <parameter kind='argument' name='browser' value='chrome-91.0.4472.77'/>
            </parameters>
            <steps/>
            <attachments/>
            <failure>
                <message>TypeError: DashboardPage.enterWarriorName is not a function</message>
                <stack-trace>TypeError: DashboardPage.enterWarriorName is not a function
                    at World.&lt;anonymous> (C:\Users\Jacob\Desktop\covidapp_tests\tests\step-definitions\steps.js:18:19)
                    at World.executeSync (C:\Users\Jacob\Desktop\covidapp_tests\node_modules\@wdio\sync\build\index.js:38:22)
                    at C:\Users\Jacob\Desktop\covidapp_tests\node_modules\@wdio\sync\build\index.js:69:68</stack-trace>
            </failure>
        </test-case>
        <test-case start='1623399011139' status='undefined'>
            <name>And I click on button "Start your journey"</name>
            <title>And I click on button "Start your journey"</title>
            <labels>
                <label name='language' value='javascript'/>
                <label name='framework' value='wdio'/>
                <label name='thread' value='0-0'/>
            </labels>
            <parameters>
                <parameter kind='argument' name='browser' value='chrome-91.0.4472.77'/>
            </parameters>
            <steps/>
            <attachments/>
        </test-case>
        <test-case start='1623399011141' status='pending' stop='1623399011141'>
            <name>I click on button "Start your journey"</name>
            <title>I click on button "Start your journey"</title>
            <labels/>
            <parameters/>
            <steps/>
            <attachments/>
            <failure>
                <message>Test ignored</message>
                <stack-trace>undefined</stack-trace>
            </failure>
        </test-case>
        <test-case start='1623399011142' status='undefined'>
            <name>Then I should see the welcome text "Choose your battle field"</name>
            <title>Then I should see the welcome text "Choose your battle field"</title>
            <labels>
                <label name='language' value='javascript'/>
                <label name='framework' value='wdio'/>
                <label name='thread' value='0-0'/>
            </labels>
            <parameters>
                <parameter kind='argument' name='browser' value='chrome-91.0.4472.77'/>
            </parameters>
            <steps/>
            <attachments/>
        </test-case>
        <test-case start='1623399011143' status='pending' stop='1623399011143'>
            <name>I should see the welcome text "Choose your battle field"</name>
            <title>I should see the welcome text "Choose your battle field"</title>
            <labels/>
            <parameters/>
            <steps/>
            <attachments/>
            <failure>
                <message>Test ignored</message>
                <stack-trace>undefined</stack-trace>
            </failure>
        </test-case>
        <test-case start='1623399011143' status='passed' stop='1623399011145'>
            <name></name>
            <title></title>
            <labels>
                <label name='language' value='javascript'/>
                <label name='framework' value='wdio'/>
                <label name='thread' value='0-0'/>
            </labels>
            <parameters>
                <parameter kind='argument' name='browser' value='chrome-91.0.4472.77'/>
            </parameters>
            <steps/>
            <attachments/>
        </test-case>
    </test-cases>
</ns2:test-suite>