<?xml version='1.0'?>
<ns2:test-suite xmlns:ns2='urn:model.allure.qatools.yandex.ru' start='1623399061663' stop='1623399065178'>
    <name>App Feature: As a user</name>
    <title>App Feature: As a user</title>
    <test-cases>
        <test-case start='1623399061668' status='passed' stop='1623399061675'>
            <name></name>
            <title></title>
            <labels>
                <label name='language' value='javascript'/>
                <label name='framework' value='wdio'/>
                <label name='thread' value='0-0'/>
            </labels>
            <parameters>
                <parameter kind='argument' name='browser' value='chrome-91.0.4472.77'/>
            </parameters>
            <steps/>
            <attachments/>
        </test-case>
        <test-case start='1623399061676' status='passed' stop='1623399065159'>
            <name>Given I am on the app page</name>
            <title>Given I am on the app page</title>
            <labels>
                <label name='language' value='javascript'/>
                <label name='framework' value='wdio'/>
                <label name='thread' value='0-0'/>
            </labels>
            <parameters>
                <parameter kind='argument' name='browser' value='chrome-91.0.4472.77'/>
            </parameters>
            <steps>
                <step start='1623399061689' status='passed' stop='1623399065119'>
                    <name>POST /session/:sessionId/url</name>
                    <title>POST /session/:sessionId/url</title>
                    <attachments>
                        <attachment title='Request' source='e9fc0e9b-c400-4c9b-8ea9-f5c56f5def9f-attachment.json' type='application/json' size='53'/>
                    </attachments>
                    <steps/>
                </step>
                <step start='1623399065128' status='passed' stop='1623399065147'>
                    <name>GET /session/:sessionId/title</name>
                    <title>GET /session/:sessionId/title</title>
                    <attachments>
                        <attachment title='Response' source='7dd591bf-1d25-4c3f-96c4-b3021b8319e5-attachment.json' type='application/json' size='19'/>
                    </attachments>
                    <steps/>
                </step>
            </steps>
            <attachments/>
        </test-case>
        <test-case start='1623399065159' status='broken' stop='1623399065168'>
            <name>And I enter a user into warrior name</name>
            <title>And I enter a user into warrior name</title>
            <labels>
                <label name='language' value='javascript'/>
                <label name='framework' value='wdio'/>
                <label name='thread' value='0-0'/>
            </labels>
            <parameters>
                <parameter kind='argument' name='browser' value='chrome-91.0.4472.77'/>
            </parameters>
            <steps/>
            <attachments/>
            <failure>
                <message>TypeError: DashboardPage.enterWarriorName is not a function</message>
                <stack-trace>TypeError: DashboardPage.enterWarriorName is not a function
                    at World.&lt;anonymous> (C:\Users\Jacob\Desktop\covidapp_tests\tests\step-definitions\steps.js:18:19)
                    at World.executeSync (C:\Users\Jacob\Desktop\covidapp_tests\node_modules\@wdio\sync\build\index.js:38:22)
                    at C:\Users\Jacob\Desktop\covidapp_tests\node_modules\@wdio\sync\build\index.js:69:68</stack-trace>
            </failure>
        </test-case>
        <test-case start='1623399065168' status='undefined'>
            <name>And I click on button "Start your journey"</name>
            <title>And I click on button "Start your journey"</title>
            <labels>
                <label name='language' value='javascript'/>
                <label name='framework' value='wdio'/>
                <label name='thread' value='0-0'/>
            </labels>
            <parameters>
                <parameter kind='argument' name='browser' value='chrome-91.0.4472.77'/>
            </parameters>
            <steps/>
            <attachments/>
        </test-case>
        <test-case start='1623399065170' status='pending' stop='1623399065170'>
            <name>I click on button "Start your journey"</name>
            <title>I click on button "Start your journey"</title>
            <labels/>
            <parameters/>
            <steps/>
            <attachments/>
            <failure>
                <message>Test ignored</message>
                <stack-trace>undefined</stack-trace>
            </failure>
        </test-case>
        <test-case start='1623399065170' status='undefined'>
            <name>Then I should see the welcome text "Choose your battle field"</name>
            <title>Then I should see the welcome text "Choose your battle field"</title>
            <labels>
                <label name='language' value='javascript'/>
                <label name='framework' value='wdio'/>
                <label name='thread' value='0-0'/>
            </labels>
            <parameters>
                <parameter kind='argument' name='browser' value='chrome-91.0.4472.77'/>
            </parameters>
            <steps/>
            <attachments/>
        </test-case>
        <test-case start='1623399065171' status='pending' stop='1623399065171'>
            <name>I should see the welcome text "Choose your battle field"</name>
            <title>I should see the welcome text "Choose your battle field"</title>
            <labels/>
            <parameters/>
            <steps/>
            <attachments/>
            <failure>
                <message>Test ignored</message>
                <stack-trace>undefined</stack-trace>
            </failure>
        </test-case>
        <test-case start='1623399065172' status='passed' stop='1623399065174'>
            <name></name>
            <title></title>
            <labels>
                <label name='language' value='javascript'/>
                <label name='framework' value='wdio'/>
                <label name='thread' value='0-0'/>
            </labels>
            <parameters>
                <parameter kind='argument' name='browser' value='chrome-91.0.4472.77'/>
            </parameters>
            <steps/>
            <attachments/>
        </test-case>
    </test-cases>
</ns2:test-suite>